###############################################################################
#
# IAR C/C++ Compiler V7.21.1.1000/W32 for MSP430          04/Dec/2022  14:29:41
# Copyright 1996-2021 IAR Systems AB.
# PC-locked license - IAR Embedded Workbench for MSP430, 8K KickStart Edition 7.21
#
#    __rt_version  =  3
#    __double_size =  32
#    __reg_r4      =  free
#    __reg_r5      =  free
#    __pic         =  no
#    __core        =  430X
#    __data_model  =  small
#    __code_model  =  large
#    Source file   =  
#        C:\Users\Tobias Desotelle\OneDrive - UNC
#        Asheville\Documents\GitHub\Embedded_Systems\analogtodigital.c
#    Command line  =  
#        -f C:\Users\TOBIAS~1\AppData\Local\Temp\EWD793.tmp ("C:\Users\Tobias
#        Desotelle\OneDrive - UNC
#        Asheville\Documents\GitHub\Embedded_Systems\analogtodigital.c" -lC
#        "C:\Users\Tobias Desotelle\OneDrive - UNC
#        Asheville\Documents\GitHub\Embedded_Systems\Debug\List" -o
#        "C:\Users\Tobias Desotelle\OneDrive - UNC
#        Asheville\Documents\GitHub\Embedded_Systems\Debug\Obj" --no_unroll
#        --no_inline --no_tbaa --debug -D__MSP430FR2355__ -e --double=32
#        --dlib_config "C:\Program Files (x86)\IAR Systems\Embedded Workbench
#        8.5\430\lib\dlib\dl430xlsfn.h" -I ./ --core=430X --data_model=small
#        -Om --multiplier=32 --hw_workaround=CPU40 --code_model=large)
#    Locale        =  English_USA.1252
#    List file     =  
#        C:\Users\Tobias Desotelle\OneDrive - UNC
#        Asheville\Documents\GitHub\Embedded_Systems\Debug\List\analogtodigital.lst
#    Object file   =  
#        C:\Users\Tobias Desotelle\OneDrive - UNC
#        Asheville\Documents\GitHub\Embedded_Systems\Debug\Obj\analogtodigital.r43
#
###############################################################################

C:\Users\Tobias Desotelle\OneDrive - UNC Asheville\Documents\GitHub\Embedded_Systems\analogtodigital.c
      1          #include "macros.h"

   \                                 In  segment DATA16_AN, at 0x700
   \   union <unnamed> _A_ADCCTL0_L
   \                     _A_ADCCTL0_L:
   \   000000                DS8 2

   \                                 In  segment DATA16_AN, at 0x702
   \   union <unnamed> _A_ADCCTL1_L
   \                     _A_ADCCTL1_L:
   \   000000                DS8 2

   \                                 In  segment DATA16_AN, at 0x704
   \   union <unnamed> _A_ADCCTL2_L
   \                     _A_ADCCTL2_L:
   \   000000                DS8 2

   \                                 In  segment DATA16_AN, at 0x70a
   \   union <unnamed> _A_ADCMCTL0_L
   \                     _A_ADCMCTL0_L:
   \   000000                DS8 2

   \                                 In  segment DATA16_AN, at 0x712
   \   union <unnamed> _A_ADCMEM0_L
   \                     _A_ADCMEM0_L:
   \   000000                DS8 2

   \                                 In  segment DATA16_AN, at 0x71a
   \   union <unnamed> _A_ADCIE_L
   \                     _A_ADCIE_L:
   \   000000                DS8 2

   \                                 In  segment DATA16_AN, at 0x71e
   \   union <unnamed> _A_ADCIV_L
   \                     _A_ADCIV_L:
   \   000000                DS8 2

   \                                 In  segment DATA16_AN, at 0x202
   \   union <unnamed> _A_PAOUT_L
   \                     _A_PAOUT_L:
   \   000000                DS8 2
      2          #define	ADC_AVG		(5)
      3          //extern volatile unsigned int ADC_Left_Detect;

   \                                 In  segment DATA16_Z, align 2, align-sorted
   \   000000                REQUIRE ?cstart_init_zero
      4          unsigned int ADC_Left_Detect;
   \                     ADC_Left_Detect:
   \   000000                DS8 2

   \                                 In  segment DATA16_Z, align 2, align-sorted
   \   000000                REQUIRE ?cstart_init_zero
      5          unsigned int ADC_Right_Detect;
   \                     ADC_Right_Detect:
   \   000000                DS8 2

   \                                 In  segment DATA16_Z, align 2, align-sorted
   \   000000                REQUIRE ?cstart_init_zero
      6          unsigned int V_Thumb;
   \                     V_Thumb:
   \   000000                DS8 2
      7          //unsigned int Right_detect[ADC_AVG];
      8          //unsigned int Left_detect[ADC_AVG];
      9          //unsigned int V_Thumb_arry[ADC_AVG];

   \                                 In  segment DATA16_Z, align 1, align-sorted
   \   000000                REQUIRE ?cstart_init_zero
     10          char adc_char[5];
   \                     adc_char:
   \   000000                DS8 5

   \                                 In  segment DATA16_Z, align 2, align-sorted
   \   000000                REQUIRE ?cstart_init_zero
     11          unsigned int ADC_Channel=0;
   \                     ADC_Channel:
   \   000000                DS8 2
     12          

   \                                 In  segment CODE, align 2
     13          void Init_ADC(void){
   \                     Init_ADC:
     14            //------------------------------------------------------------------------------
     15            // V_DETECT_L (0x04) // Pin 2 A2
     16            // V_DETECT_R (0x08) // Pin 3 A3
     17            // V_THUMB (0x20) // Pin 5 A5
     18            //------------------------------------------------------------------------------
     19            // ADCCTL0 Register
     20            ADCCTL0 = RESET_STATE; // Reset
   \   000000   82430007     MOV.W   #0x0, &0x700
     21            ADCCTL0 |= ADCSHT_2; // 16 ADC clocks
   \   000004   B2D000020007 BIS.W   #0x200, &0x700
     22            ADCCTL0 |= ADCMSC; // MSC
   \   00000A   B2D080000007 BIS.W   #0x80, &0x700
     23            ADCCTL0 |= ADCON; // ADC ON
   \   000010   B2D010000007 BIS.W   #0x10, &0x700
     24            
     25            // ADCCTL1 Register
     26            ADCCTL2 = RESET_STATE; // Reset
   \   000016   82430407     MOV.W   #0x0, &0x704
     27            ADCCTL1 |= ADCSHS_0; // 00b = ADCSC bit
   \   00001A   3F400207     MOV.W   #0x702, R15
   \   00001E   A24F0207     MOV.W   @R15, &0x702
     28            ADCCTL1 |= ADCSHP; // ADC sample-and-hold SAMPCON signal from sampling timer.
   \   000022   B2D000020207 BIS.W   #0x200, &0x702
     29            ADCCTL1 &= ~ADCISSH; // ADC invert signal sample-and-hold.
   \   000028   B2C000010207 BIC.W   #0x100, &0x702
     30            ADCCTL1 |= ADCDIV_0; // ADC clock divider - 000b = Divide by 1
   \   00002E   A24F0207     MOV.W   @R15, &0x702
     31            ADCCTL1 |= ADCSSEL_0; // ADC clock MODCLK
   \   000032   A24F0207     MOV.W   @R15, &0x702
     32            ADCCTL1 |= ADCCONSEQ_0; // ADC conversion sequence 00b = Single-channel single-conversion
   \   000036   A24F0207     MOV.W   @R15, &0x702
     33            // ADCCTL1 & ADCBUSY identifies a conversion is in process
     34            
     35            // ADCCTL2 Register
     36            ADCCTL2 = RESET_STATE; // Reset
   \   00003A   82430407     MOV.W   #0x0, &0x704
     37            ADCCTL2 |= ADCPDIV0; // ADC pre-divider 00b = Pre-divide by 1
   \   00003E   B2D000010407 BIS.W   #0x100, &0x704
     38            ADCCTL2 |= ADCRES_2; // ADC resolution 10b = 12 bit (14 clock cycle conversion time) was ADCRES_0
   \   000044   B2D020000407 BIS.W   #0x20, &0x704
     39            ADCCTL2 &= ~ADCDF; // ADC data read-back format 0b = Binary unsigned.
   \   00004A   B2C20407     BIC.W   #0x8, &0x704
     40            ADCCTL2 &= ~ADCSR; // ADC sampling rate 0b = ADC buffer supports up to 200 ksps
   \   00004E   A2C20407     BIC.W   #0x4, &0x704
     41            // ADCMCTL0 Register
     42            ADCMCTL0 |= ADCSREF_0; // VREF - 000b = {VR+ = AVCC and VR– = AVSS }
   \   000052   92420A070A07 MOV.W   &0x70a, &0x70a
     43            ADCMCTL0 |= ADCINCH_5; // V_THUMB (0x20) Pin 5 A5
   \   000058   B2D005000A07 BIS.W   #0x5, &0x70a
     44            ADCIE |= ADCIE0; // Enable ADC conv complete interrupt
   \   00005E   92D31A07     BIS.W   #0x1, &0x71a
     45            ADCCTL0 |= ADCENC; // ADC enable conversion.
   \   000062   A2D30007     BIS.W   #0x2, &0x700
     46            ADCCTL0 |= ADCSC; // ADC start conversion.
   \   000066   92D30007     BIS.W   #0x1, &0x700
     47          }
   \   00006A   1001         RETA
   \   00006C                REQUIRE _A_ADCCTL0_L
   \   00006C                REQUIRE _A_ADCCTL2_L
   \   00006C                REQUIRE _A_ADCCTL1_L
   \   00006C                REQUIRE _A_ADCMCTL0_L
   \   00006C                REQUIRE _A_ADCIE_L
     48          #pragma vector=ADC_VECTOR

   \                                 In  segment ISR_CODE, align 2
     49          __interrupt void ADC_ISR(void){
   \                     ADC_ISR:
   \   000000   3F15         PUSHM.W #0x4, R15
     50            switch(__even_in_range(ADCIV,ADCIV_ADCIFG)){
   \   000002   1F421E07     MOV.W   &0x71e, R15
   \   000006   3F900C00     CMP.W   #0xc, R15
   \   00000A   3620         JNE     ??ADC_ISR_0
     51            case ADCIV_NONE:
     52              break;
     53            case ADCIV_ADCOVIFG: // When a conversion result is written to the ADCMEM0
     54              // before its previous conversion result was read.
     55              break;
     56            case ADCIV_ADCTOVIFG: // ADC conversion-time overflow
     57              break;
     58            case ADCIV_ADCHIIFG: // Window comparator interrupt flags
     59              break;
     60            case ADCIV_ADCLOIFG: // Window comparator interrupt flag
     61              break;
     62            case ADCIV_ADCINIFG: // Window comparator interrupt flag
     63              break;
     64            case ADCIV_ADCIFG: // ADCMEM0 memory register with the conversion result
     65              ADCCTL0 &= ~ADCENC; // Disable ENC bit.
   \   00000C   A2C30007     BIC.W   #0x2, &0x700
     66              switch (ADC_Channel++){
   \   000010   1F42....     MOV.W   &ADC_Channel, R15
   \   000014   0E4F         MOV.W   R15, R14
   \   000016   1E53         ADD.W   #0x1, R14
   \   000018   824E....     MOV.W   R14, &ADC_Channel
   \   00001C   0F83         SUB.W   #0x0, R15
   \   00001E   0524         JEQ     ??ADC_ISR_1
   \   000020   1F83         SUB.W   #0x1, R15
   \   000022   0E24         JEQ     ??ADC_ISR_2
   \   000024   1F83         SUB.W   #0x1, R15
   \   000026   1824         JEQ     ??ADC_ISR_3
   \   000028   273C         JMP     ??ADC_ISR_0
     67              case GET_V_THUMB: // Channel A2 Interrupt
     68                ADCMCTL0 &= ~ADCINCH_5; // Disable Last channel A2
   \                     ??ADC_ISR_1:
   \   00002A   B2F0FAFF0A07 AND.W   #0xfffa, &0x70a
     69                ADCMCTL0 |= ADCINCH_2; // Enable Next channel A3
   \   000030   A2D30A07     BIS.W   #0x2, &0x70a
     70                V_Thumb = ADCMEM0; // Move result into Global
   \   000034   92421207.... MOV.W   &0x712, &V_Thumb
     71                V_Thumb = V_Thumb; // Divide the result by 4
     72                P2OUT|=IR_LED;
   \   00003A   E2D20302     BIS.B   #0x4, &0x203
     73                break;
   \   00003E   1C3C         JMP     ??ADC_ISR_0
     74              case GET_L_DETECT:
     75                 ADCMCTL0 &= ~ADCINCH_2; // Disable Last channel A2
   \                     ??ADC_ISR_2:
   \   000040   A2C30A07     BIC.W   #0x2, &0x70a
     76                ADCMCTL0 |= ADCINCH_3; // Enable Next channel A3
   \   000044   B2D003000A07 BIS.W   #0x3, &0x70a
     77                ADC_Right_Detect = ADCMEM0; // Move result into Global
   \   00004A   1C421207     MOV.W   &0x712, R12
   \   00004E   824C....     MOV.W   R12, &ADC_Right_Detect
     78                ADC_Right_Detect = ADC_Right_Detect; // Divide the result by 4
     79                HEXtoBCD(ADC_Right_Detect); // Convert result to String
   \   000052   ........     CALLA   #HEXtoBCD
     80                //change_display_adc(adc_char,DISPLAY0); // Place String in Display
     81                break;
   \   000056   103C         JMP     ??ADC_ISR_0
     82              case GET_R_DETECT:
     83                ADCMCTL0 &= ~ADCINCH_3; // Disable Last channel A2
   \                     ??ADC_ISR_3:
   \   000058   B2F0FCFF0A07 AND.W   #0xfffc, &0x70a
     84                ADCMCTL0 |= ADCINCH_5; // Enable Next channel A3
   \   00005E   B2D005000A07 BIS.W   #0x5, &0x70a
     85                ADC_Left_Detect = ADCMEM0; // Move result into Global
   \   000064   1C421207     MOV.W   &0x712, R12
   \   000068   824C....     MOV.W   R12, &ADC_Left_Detect
     86                ADC_Left_Detect = ADC_Left_Detect; // Divide the result by 4
     87                HEXtoBCD(ADC_Left_Detect); // Convert result to String
   \   00006C   ........     CALLA   #HEXtoBCD
     88                //change_display_adc(adc_char,DISPLAY1); // Place String in Display
     89                ADC_Channel=RESET_STATE;
   \   000070   8243....     MOV.W   #0x0, &ADC_Channel
     90                P2OUT&=~IR_LED;
   \   000074   E2C20302     BIC.B   #0x4, &0x203
     91                break;
     92              default:
     93                break;
     94              }
     95          //    ADCCTL0 |= ADCENC; // Enable Conversions
     96          //    ADCCTL0 |= ADCSC; // Start next sample
     97              break;
     98            default:
     99              break;
    100            }
    101          }
   \                     ??ADC_ISR_0:
   \   000078   3C17         POPM.W  #0x4, R15
   \   00007A   0013         RETI
   \   00007C                REQUIRE _A_ADCCTL0_L
   \   00007C                REQUIRE _A_ADCMCTL0_L
   \   00007C                REQUIRE _A_ADCMEM0_L
   \   00007C                REQUIRE _A_PAOUT_L
   \   00007C                REQUIRE _A_ADCIV_L
    102          //-----------------------------------------------------------------
    103          // Hex to BCD Conversion
    104          // Convert a Hex number to a BCD for display on an LCD or monitor
    105          //
    106          //-----------------------------------------------------------------

   \                                 In  segment CODE, align 2
    107          void HEXtoBCD(unsigned int hex_value){
   \                     HEXtoBCD:
    108            unsigned int value=0;
   \   000000   0F43         MOV.W   #0x0, R15
    109            for(int i=RESET_STATE; i < adc_num_chars; i++) {
   \   000002   0E43         MOV.W   #0x0, R14
   \   000004   033C         JMP     ??HEXtoBCD_4
    110              adc_char[i] = CHAR_0;
   \                     ??HEXtoBCD_0:
   \   000006   CE4D....     MOV.B   R13, adc_char(R14)
    111            }
   \   00000A   1E53         ADD.W   #0x1, R14
   \                     ??HEXtoBCD_4:
   \   00000C   7D403000     MOV.B   #0x30, R13
   \   000010   2E92         CMP.W   #0x4, R14
   \   000012   F93B         JL      ??HEXtoBCD_0
    112            while (hex_value > Above_999){
   \                     ??HEXtoBCD_1:
   \   000014   3C90E803     CMP.W   #0x3e8, R12
   \   000018   0828         JNC     ??HEXtoBCD_7
    113              hex_value = hex_value - (Above_999+add_one);
   \   00001A   3C5018FC     ADD.W   #0xfc18, R12
    114              value = value + add_one;
   \   00001E   1F53         ADD.W   #0x1, R15
    115              adc_char[adc_c_0] = CHAR_0 + value;
   \   000020   4E4F         MOV.B   R15, R14
   \   000022   4E5D         ADD.B   R13, R14
   \   000024   C24E....     MOV.B   R14, &adc_char
   \   000028   F53F         JMP     ??HEXtoBCD_1
    116            }
    117            value = RESET_STATE;
   \                     ??HEXtoBCD_7:
   \   00002A   0F43         MOV.W   #0x0, R15
   \   00002C   073C         JMP     ??HEXtoBCD_5
    118            while (hex_value > Above_99){
    119              hex_value = hex_value - (Above_99+add_one);
   \                     ??HEXtoBCD_2:
   \   00002E   3C509CFF     ADD.W   #0xff9c, R12
    120              value = value + add_one;
   \   000032   1F53         ADD.W   #0x1, R15
    121              adc_char[adc_c_1] = CHAR_0 + value;
   \   000034   4E4F         MOV.B   R15, R14
   \   000036   4E5D         ADD.B   R13, R14
   \   000038   C24E....     MOV.B   R14, &adc_char + 1
    122            }
   \                     ??HEXtoBCD_5:
   \   00003C   3C906400     CMP.W   #0x64, R12
   \   000040   F62F         JC      ??HEXtoBCD_2
    123            value = RESET_STATE;
   \   000042   0F43         MOV.W   #0x0, R15
   \   000044   073C         JMP     ??HEXtoBCD_6
    124            while (hex_value > Above_9){
    125              hex_value = hex_value - (Above_9+add_one);
   \                     ??HEXtoBCD_3:
   \   000046   3C50F6FF     ADD.W   #0xfff6, R12
    126              value = value + add_one;
   \   00004A   1F53         ADD.W   #0x1, R15
    127              adc_char[adc_c_2] = CHAR_0 + value;
   \   00004C   4E4F         MOV.B   R15, R14
   \   00004E   4E5D         ADD.B   R13, R14
   \   000050   C24E....     MOV.B   R14, &adc_char + 2
    128            }
   \                     ??HEXtoBCD_6:
   \   000054   3C900A00     CMP.W   #0xa, R12
   \   000058   F62F         JC      ??HEXtoBCD_3
    129            adc_char[adc_c_3] = CHAR_0 + hex_value;
   \   00005A   4C5D         ADD.B   R13, R12
   \   00005C   C24C....     MOV.B   R12, &adc_char + 3
    130            adc_char[4] = '\0';
   \   000060   C243....     MOV.B   #0x0, &adc_char + 4
    131          }
   \   000064   1001         RETA

   \                                 In  segment INTVEC, offset 0x3a, root
   \                     `??ADC_ISR::??INTVEC 58`:
   \   00003A   ....         DC16    ADC_ISR
    132          
    133          
    134          //char *hex_to_string(unsigned int adc_value){
    135          //  unsigned int value;
    136          //  char ret[adc_num_chars+1];
    137          //  for(int i=RESET_STATE; i < adc_num_chars; i++) {
    138          //    ret[i] = CHAR_0;
    139          //  }
    140          //  while (adc_value > Above_999){
    141          //    adc_value = adc_value - (Above_999+add_one);
    142          //    value = value + add_one;
    143          //    ret[adc_c_0] = CHAR_0 + value;
    144          //  }
    145          //  value = RESET_STATE;
    146          //  while (adc_value > Above_99){
    147          //    adc_value = adc_value - (Above_99+add_one);
    148          //    value = value + add_one;
    149          //    ret[adc_c_1] = CHAR_0 + value;
    150          //  }
    151          //  value = RESET_STATE;
    152          //  while (adc_value > Above_9){
    153          //    adc_value = adc_value - (Above_9+add_one);
    154          //    value = value + add_one;
    155          //    ret[adc_c_2] = CHAR_0 + value;
    156          //  }
    157          //  ret[adc_c_3] = CHAR_0 + adc_value;
    158          //  ret[adc_num_chars] = '\0';
    159          //  return ret;
    160          //}

   Maximum stack usage in bytes:

   CSTACK Function
   ------ --------
     12   ADC_ISR
       12   -> HEXtoBCD
      4   HEXtoBCD
      4   Init_ADC


   Segment part sizes:

   Bytes  Function/Label
   -----  --------------
       2  ADC_Channel
     124  ADC_ISR
       2  ADC_ISR::??INTVEC 58
       2  ADC_Left_Detect
       2  ADC_Right_Detect
     102  HEXtoBCD
     108  Init_ADC
       2  V_Thumb
       2  _A_ADCCTL0_L
       2  _A_ADCCTL1_L
       2  _A_ADCCTL2_L
       2  _A_ADCIE_L
       2  _A_ADCIV_L
       2  _A_ADCMCTL0_L
       2  _A_ADCMEM0_L
       2  _A_PAOUT_L
       5  adc_char

 
 210 bytes in segment CODE
  16 bytes in segment DATA16_AN
  13 bytes in segment DATA16_Z
   2 bytes in segment INTVEC
 124 bytes in segment ISR_CODE
 
 334 bytes of CODE  memory
   0 bytes of CONST memory (+  2 bytes shared)
  13 bytes of DATA  memory (+ 16 bytes shared)

Errors: none
Warnings: none
