###############################################################################
#
# IAR C/C++ Compiler V7.21.1.1000/W32 for MSP430          24/Sep/2022  16:52:52
# Copyright 1996-2021 IAR Systems AB.
# PC-locked license - IAR Embedded Workbench for MSP430, 8K KickStart Edition 7.21
#
#    __rt_version  =  3
#    __double_size =  32
#    __reg_r4      =  free
#    __reg_r5      =  free
#    __pic         =  no
#    __core        =  430X
#    __data_model  =  small
#    __code_model  =  large
#    Source file   =  
#        C:\Users\Tobias Desotelle\OneDrive - UNC Asheville\ECE306\Code\Project
#        4 Current\figure.c
#    Command line  =  
#        -f C:\Users\TOBIAS~1\AppData\Local\Temp\EW5275.tmp ("C:\Users\Tobias
#        Desotelle\OneDrive - UNC Asheville\ECE306\Code\Project 4
#        Current\figure.c" -lC "C:\Users\Tobias Desotelle\OneDrive - UNC
#        Asheville\ECE306\Code\Project 4 Current\Debug\List" -o
#        "C:\Users\Tobias Desotelle\OneDrive - UNC
#        Asheville\ECE306\Code\Project 4 Current\Debug\Obj" --no_cse
#        --no_unroll --no_inline --no_code_motion --no_tbaa --debug
#        -D__MSP430FR2355__ -e --double=32 --dlib_config "C:\Program Files
#        (x86)\IAR Systems\Embedded Workbench 8.5\430\lib\dlib\dl430xlsfn.h" -I
#        ./ --core=430X --data_model=small -On --multiplier=32
#        --hw_workaround=CPU40 --code_model=large)
#    Locale        =  English_USA.1252
#    List file     =  
#        C:\Users\Tobias Desotelle\OneDrive - UNC Asheville\ECE306\Code\Project
#        4 Current\Debug\List\figure.lst
#    Object file   =  
#        C:\Users\Tobias Desotelle\OneDrive - UNC Asheville\ECE306\Code\Project
#        4 Current\Debug\Obj\figure.r43
#
###############################################################################



 

 


Errors: none
Warnings: none
