###############################################################################
#
# IAR C/C++ Compiler V7.21.1.1000/W32 for MSP430          15/Nov/2022  23:16:33
# Copyright 1996-2021 IAR Systems AB.
# PC-locked license - IAR Embedded Workbench for MSP430, 8K KickStart Edition 7.21
#
#    __rt_version  =  3
#    __double_size =  32
#    __reg_r4      =  free
#    __reg_r5      =  free
#    __pic         =  no
#    __core        =  430X
#    __data_model  =  small
#    __code_model  =  large
#    Source file   =  
#        C:\Users\Tobias Desotelle\OneDrive - UNC
#        Asheville\Documents\GitHub\Embedded_Systems\init.c
#    Command line  =  
#        -f C:\Users\TOBIAS~1\AppData\Local\Temp\EW4DD4.tmp ("C:\Users\Tobias
#        Desotelle\OneDrive - UNC
#        Asheville\Documents\GitHub\Embedded_Systems\init.c" -lC
#        "C:\Users\Tobias Desotelle\OneDrive - UNC
#        Asheville\Documents\GitHub\Embedded_Systems\Debug\List" -o
#        "C:\Users\Tobias Desotelle\OneDrive - UNC
#        Asheville\Documents\GitHub\Embedded_Systems\Debug\Obj" --debug
#        -D__MSP430FR2355__ -e --double=32 --dlib_config "C:\Program Files
#        (x86)\IAR Systems\Embedded Workbench 8.5\430\lib\dlib\dl430xlsfn.h" -I
#        ./ --core=430X --data_model=small -Ohs --multiplier=32
#        --hw_workaround=CPU40 --code_model=large)
#    Locale        =  English_USA.1252
#    List file     =  
#        C:\Users\Tobias Desotelle\OneDrive - UNC
#        Asheville\Documents\GitHub\Embedded_Systems\Debug\List\init.lst
#    Object file   =  
#        C:\Users\Tobias Desotelle\OneDrive - UNC
#        Asheville\Documents\GitHub\Embedded_Systems\Debug\Obj\init.r43
#
###############################################################################

C:\Users\Tobias Desotelle\OneDrive - UNC Asheville\Documents\GitHub\Embedded_Systems\init.c
      1          //------------------------------------------------------------------------------
      2          //
      3          //  Description: This file contains the all of the intilzation functions.
      4          //
      5          //
      6          //  Tobias Desotelle
      7          //  September 20 2022
      8          //  Built with IAR Embedded Workbench Version: (7.21.1)
      9          //------------------------------------------------------------------------------
     10          #include "macros.h"

   \                                 In  segment DATA16_AN, at 0x202
   \   union <unnamed> _A_PAOUT_L
   \                     _A_PAOUT_L:
   \   000000                DS8 2

   \                                 In  segment DATA16_AN, at 0x242
   \   union <unnamed> _A_PCOUT_L
   \                     _A_PCOUT_L:
   \   000000                DS8 2
     11          
     12          extern char display_line[DISPLAYLINES][DISPLAYCHARS];
     13          extern char *display[DISPLAYLINES];
     14          extern volatile unsigned char display_changed;
     15          extern volatile unsigned char update_display;
     16          

   \                                 In  segment CODE, align 2
     17          void Master_Init(void){
   \                     Master_Init:
     18            Init_Ports();                        // Initialize Ports
   \   000000   ........     CALLA   #Init_Ports
     19            Init_Clocks();                       // Initialize Clock System
   \   000004   ........     CALLA   #Init_Clocks
     20            Init_Conditions();                   // Initialize Variables and Initial Conditions
   \   000008   ........     CALLA   #Init_Conditions
     21            Init_Timers();                       // Initialize Timers
   \   00000C   ........     CALLA   #Init_Timers
     22            Init_LCD();                          // Initialize LCD
   \   000010   ........     CALLA   #Init_LCD
     23            Init_LEDs();
   \   000014   D2C30202     BIC.B   #0x1, &0x202
   \   000018   F2C040004302 BIC.B   #0x40, &0x243
     24            Init_ADC();
   \   00001E   ........     CALLA   #Init_ADC
     25            Init_Serial_UCA0(BAUD115200);
   \   000022   4C43         MOV.B   #0x0, R12
   \   000024   ........     CALLA   #Init_Serial_UCA0
     26            Init_Serial_UCA1(BAUD115200);
   \   000028   4C43         MOV.B   #0x0, R12
   \   00002A   ........     CALLA   #Init_Serial_UCA1
     27            Init_Display();
   \   00002E   ........     BRA     #Init_Display
   \   000032                REQUIRE _A_PAOUT_L
   \   000032                REQUIRE _A_PCOUT_L
     28            //#define BAUD115200      (0x00)
     29            //#define BAUD460800      (0x01)
     30          }

   \                                 In  segment CODE, align 2
     31          void Init_Conditions(void){
   \                     Init_Conditions:
     32          //------------------------------------------------------------------------------
     33          
     34            int i;
     35            for(i=DISPLAYSTART;i<DISPLAYCHARS;i++){
     36              display_line[DISPLAY0][i] = RESET_STATE;
   \   000000   C243....     MOV.B   #0x0, &display_line
     37              display_line[DISPLAY1][i] = RESET_STATE;
   \   000004   C243....     MOV.B   #0x0, &display_line + 11
     38              display_line[DISPLAY2][i] = RESET_STATE;
   \   000008   C243....     MOV.B   #0x0, &display_line + 22
     39              display_line[DISPLAY3][i] = RESET_STATE;
   \   00000C   C243....     MOV.B   #0x0, &display_line + 33
   \   000010   1F43         MOV.W   #0x1, R15
   \   000012   3E40....     MOV.W   #display_line + 12, R14
   \                     ??Init_Conditions_0:
   \   000016   CF43....     MOV.B   #0x0, display_line(R15)
   \   00001A   CE430000     MOV.B   #0x0, 0(R14)
   \   00001E   CE430B00     MOV.B   #0x0, 0xb(R14)
   \   000022   CE431600     MOV.B   #0x0, 0x16(R14)
   \   000026   1F53         ADD.W   #0x1, R15
   \   000028   CF43....     MOV.B   #0x0, display_line(R15)
   \   00002C   CE430100     MOV.B   #0x0, 0x1(R14)
   \   000030   CE430C00     MOV.B   #0x0, 0xc(R14)
   \   000034   CE431700     MOV.B   #0x0, 0x17(R14)
     40            }
   \   000038   1F53         ADD.W   #0x1, R15
   \   00003A   2E53         ADD.W   #0x2, R14
   \   00003C   3F900B00     CMP.W   #0xb, R15
   \   000040   EA3B         JL      ??Init_Conditions_0
     41            display_line[DISPLAY0][DISPLAYEND] = RESET_STATE;
   \   000042   C243....     MOV.B   #0x0, &display_line + 10
     42            display_line[DISPLAY1][DISPLAYEND] = RESET_STATE;
   \   000046   C243....     MOV.B   #0x0, &display_line + 21
     43            display_line[DISPLAY2][DISPLAYEND] = RESET_STATE;
   \   00004A   C243....     MOV.B   #0x0, &display_line + 32
     44            display_line[DISPLAY3][DISPLAYEND] = RESET_STATE;
   \   00004E   C243....     MOV.B   #0x0, &display_line + 43
     45          
     46            display[DISPLAY0] = &display_line[DISPLAY0][RESET_STATE];
   \   000052   B240........ MOV.W   #display_line, &display
     47            display[DISPLAY1] = &display_line[DISPLAY1][RESET_STATE];
   \   000058   B240........ MOV.W   #display_line + 11, &display + 2
     48            display[DISPLAY2] = &display_line[DISPLAY2][RESET_STATE];
   \   00005E   B240........ MOV.W   #display_line + 22, &display + 4
     49            display[DISPLAY3] = &display_line[DISPLAY3][RESET_STATE];
   \   000064   B240........ MOV.W   #display_line + 33, &display + 6
     50            update_display = RESET_STATE;
   \   00006A   C243....     MOV.B   #0x0, &update_display
   \   00006E   0343         NOP
     51          
     52          
     53          // Interrupts are disabled by default, enable them.
     54            enable_interrupts();
   \   000070   32D2         BIS.W   #0x8, SR
     55          //------------------------------------------------------------------------------
     56          }
   \   000072   1001         RETA

   \                                 In  segment CODE, align 2
     57          void enable_interrupts(void){
   \                     enable_interrupts:
     58            __bis_SR_register(GIE);     // enable interrupts
   \   000000   0343         NOP
   \   000002   32D2         BIS.W   #0x8, SR
     59          //  asm volatile ("eint \n");
     60          }
   \   000004   1001         RETA

   \                                 In  segment CODE, align 2
     61          void Init_LEDs(void){
   \                     Init_LEDs:
     62          //------------------------------------------------------------------------------
     63          // LED Configurations
     64          //------------------------------------------------------------------------------
     65          // Turns on both LEDs
     66            P1OUT &= ~RED_LED;
   \   000000   D2C30202     BIC.B   #0x1, &0x202
     67            P6OUT &= ~GRN_LED;
   \   000004   F2C040004302 BIC.B   #0x40, &0x243
     68          //------------------------------------------------------------------------------
     69          }
   \   00000A   1001         RETA
   \   00000C                REQUIRE _A_PAOUT_L
   \   00000C                REQUIRE _A_PCOUT_L

   Maximum stack usage in bytes:

   CSTACK Function
   ------ --------
      4   Init_Conditions
      4   Init_LEDs
      4   Master_Init
        4   -> Init_ADC
        4   -> Init_Clocks
        4   -> Init_Conditions
        0   -> Init_Display
        4   -> Init_LCD
        4   -> Init_Ports
        4   -> Init_Serial_UCA0
        4   -> Init_Serial_UCA1
        4   -> Init_Timers
      4   enable_interrupts


   Segment part sizes:

   Bytes  Function/Label
   -----  --------------
     116  Init_Conditions
      12  Init_LEDs
      50  Master_Init
       2  _A_PAOUT_L
       2  _A_PCOUT_L
       6  enable_interrupts

 
 184 bytes in segment CODE
   4 bytes in segment DATA16_AN
 
 184 bytes of CODE memory
   0 bytes of DATA memory (+ 4 bytes shared)

Errors: none
Warnings: none
