###############################################################################
#
# IAR C/C++ Compiler V7.21.1.1000/W32 for MSP430          28/Nov/2022  20:14:03
# Copyright 1996-2021 IAR Systems AB.
# PC-locked license - IAR Embedded Workbench for MSP430, 8K KickStart Edition 7.21
#
#    __rt_version  =  3
#    __double_size =  32
#    __reg_r4      =  free
#    __reg_r5      =  free
#    __pic         =  no
#    __core        =  430X
#    __data_model  =  small
#    __code_model  =  large
#    Source file   =  
#        C:\Users\Tobias Desotelle\OneDrive - UNC
#        Asheville\Documents\GitHub\Embedded_Systems\pid.c
#    Command line  =  
#        -f C:\Users\TOBIAS~1\AppData\Local\Temp\EWF705.tmp ("C:\Users\Tobias
#        Desotelle\OneDrive - UNC
#        Asheville\Documents\GitHub\Embedded_Systems\pid.c" -lC
#        "C:\Users\Tobias Desotelle\OneDrive - UNC
#        Asheville\Documents\GitHub\Embedded_Systems\Debug\List" -o
#        "C:\Users\Tobias Desotelle\OneDrive - UNC
#        Asheville\Documents\GitHub\Embedded_Systems\Debug\Obj" --no_cse
#        --no_unroll --no_inline --no_code_motion --no_tbaa --debug
#        -D__MSP430FR2355__ -e --double=32 --dlib_config "C:\Program Files
#        (x86)\IAR Systems\Embedded Workbench 8.5\430\lib\dlib\dl430xlsfn.h" -I
#        ./ --core=430X --data_model=small -Ol --multiplier=32
#        --hw_workaround=CPU40 --code_model=large)
#    Locale        =  English_USA.1252
#    List file     =  
#        C:\Users\Tobias Desotelle\OneDrive - UNC
#        Asheville\Documents\GitHub\Embedded_Systems\Debug\List\pid.lst
#    Object file   =  
#        C:\Users\Tobias Desotelle\OneDrive - UNC
#        Asheville\Documents\GitHub\Embedded_Systems\Debug\Obj\pid.r43
#
###############################################################################

C:\Users\Tobias Desotelle\OneDrive - UNC Asheville\Documents\GitHub\Embedded_Systems\pid.c
      1          #include "pid.h"
      2          #include "macros.h"
      3          
      4          #define KP              (2)
      5          #define KI              (1000)
      6          #define KD              (0)
      7          #define MAX             (10000)
      8          #define MIN             (-MAX)
      9          #define SAMPLE_TIME     (1)

   \                                 In  segment CODE, align 2
     10          void PIDController_Init(PIDController *pid) {
   \                     PIDController_Init:
     11                  
     12                  pid->Kp = KP;
   \   000000   AC430000     MOV.W   #0x2, 0(R12)
     13                  pid->Ki = KI;
   \   000004   BC40E8030200 MOV.W   #0x3e8, 0x2(R12)
     14                  pid->Kd = KD;
   \   00000A   8C430400     MOV.W   #0x0, 0x4(R12)
     15                  pid->limMax = MAX;
   \   00000E   BC4010270A00 MOV.W   #0x2710, 0xa(R12)
     16                  pid->limMin = MIN;
   \   000014   BC40F0D80800 MOV.W   #0xd8f0, 0x8(R12)
     17                  pid->T = SAMPLE_TIME;
   \   00001A   9C431000     MOV.W   #0x1, 0x10(R12)
     18                  
     19          	/* Clear controller variables */
     20          	pid->integrator = 0;
   \   00001E   8C431200     MOV.W   #0x0, 0x12(R12)
     21          	pid->prevError  = 0;
   \   000022   8C431400     MOV.W   #0x0, 0x14(R12)
     22          
     23          	pid->differentiator  = 0;
   \   000026   8C431600     MOV.W   #0x0, 0x16(R12)
     24          	pid->prevMeasurement = 0;
   \   00002A   8C431800     MOV.W   #0x0, 0x18(R12)
     25          
     26          	pid->out = 0;
   \   00002E   8C431A00     MOV.W   #0x0, 0x1a(R12)
     27          
     28          }
   \   000032   1001         RETA
     29          

   \                                 In  segment CODE, align 2
     30          int PIDController_Update(PIDController *pid, int setpoint, int measurement) {
   \                     PIDController_Update:
   \   000000   1B15         PUSHM.W #0x2, R11
     31          
     32          	/*
     33          	* Error signal
     34          	*/
     35              int error = setpoint - measurement;
   \   000002   0D8E         SUB.W   R14, R13
     36          
     37          
     38          	/*
     39          	* Proportional
     40          	*/
     41              int proportional = pid->Kp * error;
   \   000004   0212         PUSH.W  SR
   \   000006   32C2         DINT
   \   000008   0343         NOP
   \   00000A   A24C....     MOV.W   @R12, &__iar_HWMUL             // MPY
   \   00000E   824D....     MOV.W   R13, &__iar_HWMUL + 8          // OP2
   \   000012   1F42....     MOV.W   &__iar_HWMUL + 10, R15         // RESLO
   \   000016   0343         NOP
   \   000018   3241         POP.W   SR
     42          
     43          
     44          	/*
     45          	* Integral
     46          	*/
     47              pid->integrator = pid->integrator + pid->Ki * pid->T * (error + pid->prevError);
   \   00001A   0A4D         MOV.W   R13, R10
   \   00001C   1A5C1400     ADD.W   0x14(R12), R10
   \   000020   0212         PUSH.W  SR
   \   000022   32C2         DINT
   \   000024   0343         NOP
   \   000026   924C0200.... MOV.W   0x2(R12), &__iar_HWMUL         // MPY
   \   00002C   924C1000.... MOV.W   0x10(R12), &__iar_HWMUL + 8    // OP2
   \   000032   1B42....     MOV.W   &__iar_HWMUL + 10, R11         // RESLO
   \   000036   0343         NOP
   \   000038   3241         POP.W   SR
   \   00003A   0212         PUSH.W  SR
   \   00003C   32C2         DINT
   \   00003E   0343         NOP
   \   000040   824B....     MOV.W   R11, &__iar_HWMUL              // MPY
   \   000044   824A....     MOV.W   R10, &__iar_HWMUL + 8          // OP2
   \   000048   9C52....1200 ADD.W   &__iar_HWMUL + 10, 0x12(R12)   // RESLO
   \   00004E   0343         NOP
   \   000050   3241         POP.W   SR
     48          
     49          	/* Anti-wind-up via integrator clamping */
     50              if (pid->integrator > pid->limMaxInt) {
   \   000052   9C9C12000E00 CMP.W   0x12(R12), 0xe(R12)
   \   000058   0434         JGE     ??PIDController_Update_2
     51          
     52                  pid->integrator = pid->limMaxInt;
   \   00005A   9C4C0E001200 MOV.W   0xe(R12), 0x12(R12)
   \   000060   073C         JMP     ??PIDController_Update_0
     53          
     54              } else if (pid->integrator < pid->limMinInt) {
   \                     ??PIDController_Update_2:
   \   000062   9C9C0C001200 CMP.W   0xc(R12), 0x12(R12)
   \   000068   0334         JGE     ??PIDController_Update_0
     55          
     56                  pid->integrator = pid->limMinInt;
   \   00006A   9C4C0C001200 MOV.W   0xc(R12), 0x12(R12)
     57          
     58              }
     59          
     60          
     61          	/*
     62          	* Derivative (band-limited differentiator)
     63          	*/
     64          		
     65          //    pid->differentiator = -(2.0f * pid->Kd * (measurement - pid->prevMeasurement)	/* Note: derivative on measurement, therefore minus sign in front of equation! */
     66          //                        + (2.0f * pid->tau - pid->T) * pid->differentiator)
     67          //                        / (2.0f * pid->tau + pid->T);
     68          
     69          
     70          	/*
     71          	* Compute output and apply limits
     72          	*/
     73              pid->out = proportional + pid->integrator; //+ pid->differentiator;
   \                     ??PIDController_Update_0:
   \   000070   1F5C1200     ADD.W   0x12(R12), R15
   \   000074   8C4F1A00     MOV.W   R15, 0x1a(R12)
     74          
     75              if (pid->out > pid->limMax) {
   \   000078   9C9C1A000A00 CMP.W   0x1a(R12), 0xa(R12)
   \   00007E   0434         JGE     ??PIDController_Update_3
     76          
     77                  pid->out = pid->limMax;
   \   000080   9C4C0A001A00 MOV.W   0xa(R12), 0x1a(R12)
   \   000086   073C         JMP     ??PIDController_Update_1
     78          
     79              } else if (pid->out < pid->limMin) {
   \                     ??PIDController_Update_3:
   \   000088   9C9C08001A00 CMP.W   0x8(R12), 0x1a(R12)
   \   00008E   0334         JGE     ??PIDController_Update_1
     80          
     81                  pid->out = pid->limMin;
   \   000090   9C4C08001A00 MOV.W   0x8(R12), 0x1a(R12)
     82          
     83              }
     84          
     85          	/* Store error and measurement for later use */
     86              pid->prevError       = error;
   \                     ??PIDController_Update_1:
   \   000096   8C4D1400     MOV.W   R13, 0x14(R12)
     87              pid->prevMeasurement = measurement;
   \   00009A   8C4E1800     MOV.W   R14, 0x18(R12)
     88          
     89          	/* Return controller output */
     90              return pid->out;
   \   00009E   1C4C1A00     MOV.W   0x1a(R12), R12
   \   0000A2   1A17         POPM.W  #0x2, R11
   \   0000A4   1001         RETA
     91          
     92          }

   Maximum stack usage in bytes:

   CSTACK Function
   ------ --------
      4   PIDController_Init
     10   PIDController_Update


   Segment part sizes:

   Bytes  Function/Label
   -----  --------------
      52  PIDController_Init
     166  PIDController_Update

 
 218 bytes in segment CODE
 
 218 bytes of CODE memory

Errors: none
Warnings: none
