###############################################################################
#
# IAR C/C++ Compiler V7.21.1.1000/W32 for MSP430          04/Dec/2022  14:29:42
# Copyright 1996-2021 IAR Systems AB.
# PC-locked license - IAR Embedded Workbench for MSP430, 8K KickStart Edition 7.21
#
#    __rt_version  =  3
#    __double_size =  32
#    __reg_r4      =  free
#    __reg_r5      =  free
#    __pic         =  no
#    __core        =  430X
#    __data_model  =  small
#    __code_model  =  large
#    Source file   =  
#        C:\Users\Tobias Desotelle\OneDrive - UNC
#        Asheville\Documents\GitHub\Embedded_Systems\switches.c
#    Command line  =  
#        -f C:\Users\TOBIAS~1\AppData\Local\Temp\EWDCEC.tmp ("C:\Users\Tobias
#        Desotelle\OneDrive - UNC
#        Asheville\Documents\GitHub\Embedded_Systems\switches.c" -lC
#        "C:\Users\Tobias Desotelle\OneDrive - UNC
#        Asheville\Documents\GitHub\Embedded_Systems\Debug\List" -o
#        "C:\Users\Tobias Desotelle\OneDrive - UNC
#        Asheville\Documents\GitHub\Embedded_Systems\Debug\Obj" --no_unroll
#        --no_inline --no_tbaa --debug -D__MSP430FR2355__ -e --double=32
#        --dlib_config "C:\Program Files (x86)\IAR Systems\Embedded Workbench
#        8.5\430\lib\dlib\dl430xlsfn.h" -I ./ --core=430X --data_model=small
#        -Om --multiplier=32 --hw_workaround=CPU40 --code_model=large)
#    Locale        =  English_USA.1252
#    List file     =  
#        C:\Users\Tobias Desotelle\OneDrive - UNC
#        Asheville\Documents\GitHub\Embedded_Systems\Debug\List\switches.lst
#    Object file   =  
#        C:\Users\Tobias Desotelle\OneDrive - UNC
#        Asheville\Documents\GitHub\Embedded_Systems\Debug\Obj\switches.r43
#
###############################################################################

C:\Users\Tobias Desotelle\OneDrive - UNC Asheville\Documents\GitHub\Embedded_Systems\switches.c
      1          //------------------------------------------------------------------------------
      2          //
      3          //  Description: This file contains the functions to process if a switch has   
      4          //      been pressed.
      5          //
      6          //  Tobias Desotelle
      7          //  September 20 2022
      8          //  Built with IAR Embedded Workbench Version: (7.21.1)
      9          //--------------------------------------------------------------------------
     10          
     11          #include "macros.h"

   \                                 In  segment DATA16_AN, at 0x21c
   \   union <unnamed> _A_PAIFG_L
   \                     _A_PAIFG_L:
   \   000000                DS8 2

   \                                 In  segment DATA16_AN, at 0x23c
   \   union <unnamed> _A_PBIFG_L
   \                     _A_PBIFG_L:
   \   000000                DS8 2

   \                                 In  segment DATA16_AN, at 0x384
   \   union <unnamed> _A_TB0CCTL1_L
   \                     _A_TB0CCTL1_L:
   \   000000                DS8 2
     12          extern volatile unsigned char switch_control;
     13          extern volatile unsigned short timer_bits;
     14          

   \                                 In  segment DATA16_Z, align 2, align-sorted
   \   000000                REQUIRE ?cstart_init_zero
     15          volatile unsigned int sw1_timer;
   \                     sw1_timer:
   \   000000                DS8 2

   \                                 In  segment DATA16_Z, align 2, align-sorted
   \   000000                REQUIRE ?cstart_init_zero
     16          volatile unsigned int sw2_timer;
   \                     sw2_timer:
   \   000000                DS8 2
     17          //Switch 1 
     18          #pragma vector=PORT4_VECTOR

   \                                 In  segment ISR_CODE, align 2
     19          __interrupt void switchP4_interrupt(void){
   \                     switchP4_interrupt:
     20            if (P4IFG & SW1) {
   \   000000   E2B33D02     BIT.B   #0x2, &0x23d
   \   000004   0924         JEQ     ??switchP4_interrupt_0
     21              P4IFG &= ~SW1; // IFG SW1 cleared
   \   000006   E2C33D02     BIC.B   #0x2, &0x23d
     22              switch_control |= SW1_PRESSED;
   \   00000A   D2D3....     BIS.B   #0x1, &switch_control
     23              switch_control &= ~SW1_RELEASED;
   \   00000E   E2C2....     BIC.B   #0x4, &switch_control
     24              //switch_control |= SW1_TOGGLED;
     25              //sw1_timer=RESET_STATE;
     26              TB0CCTL1 |= CCIE; // starts debounce timer
   \   000012   B2D010008403 BIS.W   #0x10, &0x384
     27            }
     28          }
   \                     ??switchP4_interrupt_0:
   \   000018   0013         RETI
   \   00001A                REQUIRE _A_PBIFG_L
   \   00001A                REQUIRE _A_TB0CCTL1_L
     29          // Switch 2 
     30          #pragma vector=PORT2_VECTOR

   \                                 In  segment ISR_CODE, align 2
     31          __interrupt void switchP2_interrupt(void){
   \                     switchP2_interrupt:
     32            
     33            if (P2IFG & SW2) {
   \   000000   F2B21D02     BIT.B   #0x8, &0x21d
   \   000004   0924         JEQ     ??switchP2_interrupt_0
     34              P2IFG &= ~SW2; // IFG SW1 cleared
   \   000006   F2C21D02     BIC.B   #0x8, &0x21d
     35              switch_control |= SW2_PRESSED;
   \   00000A   E2D3....     BIS.B   #0x2, &switch_control
     36              switch_control &= ~SW1_RELEASED;
   \   00000E   E2C2....     BIC.B   #0x4, &switch_control
     37              //switch_control ^= SW2_TOGGLED;
     38              //sw2_timer=RESET_STATE;
     39              TB0CCTL1 |= CCIE; //starts debounce timer
   \   000012   B2D010008403 BIS.W   #0x10, &0x384
     40            }
     41          }
   \                     ??switchP2_interrupt_0:
   \   000018   0013         RETI
   \   00001A                REQUIRE _A_PAIFG_L
   \   00001A                REQUIRE _A_TB0CCTL1_L
     42          

   \                                 In  segment CODE, align 2
     43          void process_switches(){
   \                     process_switches:
     44            if(sw1_timer>=TIME20){
   \   000000   B2901400.... CMP.W   #0x14, &sw1_timer
   \   000006   0928         JNC     ??process_switches_3
     45              sw1_timer = RESET_STATE;
   \   000008   8243....     MOV.W   #0x0, &sw1_timer
     46              switch_control &= ~SW1_PRESSED;
   \   00000C   D2C3....     BIC.B   #0x1, &switch_control
     47              switch_control |= SW1_RELEASED;
   \   000010   E2D2....     BIS.B   #0x4, &switch_control
     48              switch_control |= SW1_TOGGLED;
   \   000014   F2D01000.... BIS.B   #0x10, &switch_control
     49            }
     50            if(sw2_timer>=TIME20){
   \                     ??process_switches_3:
   \   00001A   B2901400.... CMP.W   #0x14, &sw2_timer
   \   000020   0928         JNC     ??process_switches_4
     51              sw2_timer = RESET_STATE;
   \   000022   8243....     MOV.W   #0x0, &sw2_timer
     52              switch_control &= ~SW2_PRESSED;
   \   000026   E2C3....     BIC.B   #0x2, &switch_control
     53              switch_control |= SW2_RELEASED;
   \   00002A   F2D2....     BIS.B   #0x8, &switch_control
     54              switch_control |= SW2_TOGGLED;
   \   00002E   F2D02000.... BIS.B   #0x20, &switch_control
     55              
     56            }
     57            if(switch_control==0){
   \                     ??process_switches_4:
   \   000034   C293....     CMP.B   #0x0, &switch_control
   \   000038   0420         JNE     ??process_switches_5
     58              switch_control |= SW1_RELEASED;
   \   00003A   E2D2....     BIS.B   #0x4, &switch_control
     59              switch_control |= SW2_RELEASED;
   \   00003E   F2D2....     BIS.B   #0x8, &switch_control
     60            }
     61            if((switch_control&SW1_RELEASED)&&(switch_control&SW1_PRESSED)){
   \                     ??process_switches_5:
   \   000042   E2B2....     BIT.B   #0x4, &switch_control
   \   000046   0724         JEQ     ??process_switches_2
   \   000048   D2B3....     BIT.B   #0x1, &switch_control
   \   00004C   0424         JEQ     ??process_switches_2
     62              switch_control &= ~SW1_PRESSED;
   \   00004E   D2C3....     BIC.B   #0x1, &switch_control
     63              switch_control |= SW1_RELEASED;
   \   000052   E2D2....     BIS.B   #0x4, &switch_control
     64            }
     65            if((switch_control&SW2_RELEASED)&&(switch_control&SW2_PRESSED)){
   \                     ??process_switches_2:
   \   000056   F2B2....     BIT.B   #0x8, &switch_control
   \   00005A   0724         JEQ     ??process_switches_1
   \   00005C   E2B3....     BIT.B   #0x2, &switch_control
   \   000060   0424         JEQ     ??process_switches_1
     66              switch_control &= ~SW2_PRESSED;
   \   000062   E2C3....     BIC.B   #0x2, &switch_control
     67              switch_control |= SW2_RELEASED;
   \   000066   F2D2....     BIS.B   #0x8, &switch_control
     68            }
     69            
     70            if((switch_control&SW1_RELEASED)&&(switch_control&SW2_RELEASED)){
   \                     ??process_switches_1:
   \   00006A   E2B2....     BIT.B   #0x4, &switch_control
   \   00006E   0624         JEQ     ??process_switches_0
   \   000070   F2B2....     BIT.B   #0x8, &switch_control
   \   000074   0324         JEQ     ??process_switches_0
     71              TB0CCTL1 &= ~CCIE; //Turn off debounce 
   \   000076   B2C010008403 BIC.W   #0x10, &0x384
     72            }
     73          }
   \                     ??process_switches_0:
   \   00007C   1001         RETA
   \   00007E                REQUIRE _A_TB0CCTL1_L

   \                                 In  segment INTVEC, offset 0x2c, root
   \                     `??switchP4_interrupt::??INTVEC 44`:
   \   00002C   ....         DC16    switchP4_interrupt

   \                                 In  segment INTVEC, offset 0x30, root
   \                     `??switchP2_interrupt::??INTVEC 48`:
   \   000030   ....         DC16    switchP2_interrupt
     74          
     75          
     76          

   Maximum stack usage in bytes:

   CSTACK Function
   ------ --------
      4   process_switches
      4   switchP2_interrupt
      4   switchP4_interrupt


   Segment part sizes:

   Bytes  Function/Label
   -----  --------------
       2  _A_PAIFG_L
       2  _A_PBIFG_L
       2  _A_TB0CCTL1_L
     126  process_switches
       2  sw1_timer
       2  sw2_timer
      26  switchP2_interrupt
       2  switchP2_interrupt::??INTVEC 48
      26  switchP4_interrupt
       2  switchP4_interrupt::??INTVEC 44

 
 126 bytes in segment CODE
   6 bytes in segment DATA16_AN
   4 bytes in segment DATA16_Z
   4 bytes in segment INTVEC
  52 bytes in segment ISR_CODE
 
 178 bytes of CODE  memory
   0 bytes of CONST memory (+ 4 bytes shared)
   4 bytes of DATA  memory (+ 6 bytes shared)

Errors: none
Warnings: none
