###############################################################################
#
# IAR C/C++ Compiler V7.21.1.1000/W32 for MSP430          02/Nov/2022  10:25:09
# Copyright 1996-2021 IAR Systems AB.
# PC-locked license - IAR Embedded Workbench for MSP430, 8K KickStart Edition 7.21
#
#    __rt_version  =  3
#    __double_size =  32
#    __reg_r4      =  free
#    __reg_r5      =  free
#    __pic         =  no
#    __core        =  430X
#    __data_model  =  small
#    __code_model  =  large
#    Source file   =  
#        C:\Users\Tobias Desotelle\OneDrive - UNC Asheville\ECE306\Code\Project
#        8 Current\system.c
#    Command line  =  
#        -f C:\Users\TOBIAS~1\AppData\Local\Temp\EWC425.tmp ("C:\Users\Tobias
#        Desotelle\OneDrive - UNC Asheville\ECE306\Code\Project 8
#        Current\system.c" -lC "C:\Users\Tobias Desotelle\OneDrive - UNC
#        Asheville\ECE306\Code\Project 8 Current\Debug\List" -o
#        "C:\Users\Tobias Desotelle\OneDrive - UNC
#        Asheville\ECE306\Code\Project 8 Current\Debug\Obj" --no_cse
#        --no_unroll --no_inline --no_code_motion --no_tbaa --debug
#        -D__MSP430FR2355__ -e --double=32 --dlib_config "C:\Program Files
#        (x86)\IAR Systems\Embedded Workbench 8.5\430\lib\dlib\dl430xlsfn.h" -I
#        ./ --core=430X --data_model=small -On --multiplier=32
#        --hw_workaround=CPU40 --code_model=large)
#    Locale        =  English_USA.1252
#    List file     =  
#        C:\Users\Tobias Desotelle\OneDrive - UNC Asheville\ECE306\Code\Project
#        8 Current\Debug\List\system.lst
#    Object file   =  
#        C:\Users\Tobias Desotelle\OneDrive - UNC Asheville\ECE306\Code\Project
#        8 Current\Debug\Obj\system.r43
#
###############################################################################

C:\Users\Tobias Desotelle\OneDrive - UNC Asheville\ECE306\Code\Project 8 Current\system.c
      1          //------------------------------------------------------------------------------
      2          //
      3          //  Description: This file contains the System Configurations
      4          //
      5          //  Jim Carlson
      6          //  Jan 2016
      7          //  Built with IAR Embedded Workbench Version: V7.3.1.3987 (6.40.1)
      8          //------------------------------------------------------------------------------
      9          
     10          //------------------------------------------------------------------------------
     11          #include  "functions.h"
     12          #include  "msp430.h"
     13          
     14          
     15          
     16          //------------------------------------------------------------------------------
     17          // System Configurations
     18          
     19          // Tells the compiler to provide the value in reg as an input to an
     20          // inline assembly block.  Even though the block contains no instructions,
     21          // the compiler may not optimize it away, and is told that the value
     22          // may change and should not be relied upon.
     23          
     24          //inline void READ_AND_DISCARD(unsigned int reg) __attribute__((always_inline));
     25          //void READ_AND_DISCARD(unsigned int reg){
     26          //  asm volatile ("" : "=m" (reg) : "r" (reg));
     27          //}
     28          
     29          //inline void enable_interrupts(void) __attribute__((always_inline));
     30          
     31          
     32          //inline void disable_interrupts(void) __attribute__((always_inline));
     33          //void disable_interrupts(void){
     34          //  asm volatile ("dint \n");
     35          //}
     36          


 

 


Errors: none
Warnings: none
